[16:07:39.975][info] [#0:C:\Users\user\AppData\Local\nvim\custom-dependencies\robloxlsp\server\main.lua:54]: Lua Lsp startup, root: 	C:/Users/user/AppData/Local/nvim/custom-dependencies/robloxlsp/server
[16:07:39.975][debug][#0:C:\Users\user\AppData\Local\nvim\custom-dependencies\robloxlsp\server\main.lua:55]: ROOT:	C:/Users/user/AppData/Local/nvim/custom-dependencies/robloxlsp/server
[16:07:39.975][debug][#0:C:\Users\user\AppData\Local\nvim\custom-dependencies\robloxlsp\server\main.lua:56]: LOGPATH:	C:/Users/user/AppData/Local/nvim/custom-dependencies/robloxlsp/server/log
[16:07:39.975][debug][#0:C:\Users\user\AppData\Local\nvim\custom-dependencies\robloxlsp\server\main.lua:57]: METAPATH:	C:/Users/user/AppData/Local/nvim/custom-dependencies/robloxlsp/server/meta
[16:07:40.116][info] [#0:script\pub\pub.lua:48]: Create brave:	1
[16:07:40.116][info] [#0:script\pub\pub.lua:48]: Create brave:	2
[16:07:40.116][info] [#0:script\pub\pub.lua:48]: Create brave:	3
[16:07:40.116][info] [#0:script\pub\pub.lua:48]: Create brave:	4
[16:07:40.116][debug][#0:script\service\service.lua:136]: 
========= Medical Examination Report =========
    --------------- Memory ---------------
        Total: 1.520 MB
        # 00 : 1.520 MB
        # 01 : 0.000 MB
        # 02 : 0.000 MB
        # 03 : 0.000 MB
        # 04 : 0.000 MB
    --------------- Coroutine ---------------
        Total:     0
        Running:   0
        Suspended: 0
        Normal:    0
        Dead:      0
    --------------- Cache ---------------
        Total: 1
        Dead:  0
    --------------- Proto ---------------
        Holdon:   0
        Waiting:  0
==============================================
[16:07:40.210][debug][#0:script\provider\client.lua:73]: Client init	{
    capabilities = {
        callHierarchy = {
            dynamicRegistration = false,
        },
        textDocument = {
            codeAction = {
                codeActionLiteralSupport = {
                    codeActionKind = {
                        valueSet = {
                            [01] = "",
                            [02] = "Empty",
                            [03] = "QuickFix",
                            [04] = "Refactor",
                            [05] = "RefactorExtract",
                            [06] = "RefactorInline",
                            [07] = "RefactorRewrite",
                            [08] = "Source",
                            [09] = "SourceOrganizeImports",
                            [10] = "quickfix",
                            [11] = "refactor",
                            [12] = "refactor.extract",
                            [13] = "refactor.inline",
                            [14] = "refactor.rewrite",
                            [15] = "source",
                            [16] = "source.organizeImports",
                        },
                    },
                },
                dataSupport = true,
                dynamicRegistration = false,
                isPreferredSupport = true,
                resolveSupport = {
                    properties = {
                        [1] = "edit",
                    },
                },
            },
            completion = {
                completionItem = {
                    commitCharactersSupport = false,
                    deprecatedSupport = false,
                    documentationFormat = {
                        [1] = "markdown",
                        [2] = "plaintext",
                    },
                    preselectSupport = false,
                    snippetSupport = false,
                },
                completionItemKind = {
                    valueSet = {
                        [01] = 1,
                        [02] = 2,
                        [03] = 3,
                        [04] = 4,
                        [05] = 5,
                        [06] = 6,
                        [07] = 7,
                        [08] = 8,
                        [09] = 9,
                        [10] = 10,
                        [11] = 11,
                        [12] = 12,
                        [13] = 13,
                        [14] = 14,
                        [15] = 15,
                        [16] = 16,
                        [17] = 17,
                        [18] = 18,
                        [19] = 19,
                        [20] = 20,
                        [21] = 21,
                        [22] = 22,
                        [23] = 23,
                        [24] = 24,
                        [25] = 25,
                    },
                },
                contextSupport = false,
                dynamicRegistration = false,
            },
            declaration = {
                linkSupport = true,
            },
            definition = {
                linkSupport = true,
            },
            documentHighlight = {
                dynamicRegistration = false,
            },
            documentSymbol = {
                dynamicRegistration = false,
                hierarchicalDocumentSymbolSupport = true,
                symbolKind = {
                    valueSet = {
                        [01] = 1,
                        [02] = 2,
                        [03] = 3,
                        [04] = 4,
                        [05] = 5,
                        [06] = 6,
                        [07] = 7,
                        [08] = 8,
                        [09] = 9,
                        [10] = 10,
                        [11] = 11,
                        [12] = 12,
                        [13] = 13,
                        [14] = 14,
                        [15] = 15,
                        [16] = 16,
                        [17] = 17,
                        [18] = 18,
                        [19] = 19,
                        [20] = 20,
                        [21] = 21,
                        [22] = 22,
                        [23] = 23,
                        [24] = 24,
                        [25] = 25,
                        [26] = 26,
                    },
                },
            },
            hover = {
                contentFormat = {
                    [1] = "markdown",
                    [2] = "plaintext",
                },
                dynamicRegistration = false,
            },
            implementation = {
                linkSupport = true,
            },
            publishDiagnostics = {
                relatedInformation = true,
                tagSupport = {
                    valueSet = {
                        [1] = 1,
                        [2] = 2,
                    },
                },
            },
            references = {
                dynamicRegistration = false,
            },
            rename = {
                dynamicRegistration = false,
                prepareSupport = true,
            },
            signatureHelp = {
                dynamicRegistration = false,
                signatureInformation = {
                    activeParameterSupport = true,
                    documentationFormat = {
                        [1] = "markdown",
                        [2] = "plaintext",
                    },
                    parameterInformation = {
                        labelOffsetSupport = true,
                    },
                },
            },
            synchronization = {
                didSave = true,
                dynamicRegistration = false,
                willSave = false,
                willSaveWaitUntil = false,
            },
            typeDefinition = {
                linkSupport = true,
            },
        },
        window = {
            showDocument = {
                support = false,
            },
            showMessage = {
                messageActionItem = {
                    additionalPropertiesSupport = false,
                },
            },
            workDoneProgress = true,
        },
        workspace = {
            applyEdit = true,
            configuration = true,
            symbol = {
                dynamicRegistration = false,
                hierarchicalWorkspaceSymbolSupport = true,
                symbolKind = {
                    valueSet = {
                        [01] = 1,
                        [02] = 2,
                        [03] = 3,
                        [04] = 4,
                        [05] = 5,
                        [06] = 6,
                        [07] = 7,
                        [08] = 8,
                        [09] = 9,
                        [10] = 10,
                        [11] = 11,
                        [12] = 12,
                        [13] = 13,
                        [14] = 14,
                        [15] = 15,
                        [16] = 16,
                        [17] = 17,
                        [18] = 18,
                        [19] = 19,
                        [20] = 20,
                        [21] = 21,
                        [22] = 22,
                        [23] = 23,
                        [24] = 24,
                        [25] = 25,
                        [26] = 26,
                    },
                },
            },
            workspaceEdit = {
                resourceOperations = {
                    [1] = "rename",
                    [2] = "create",
                    [3] = "delete",
                },
            },
            workspaceFolders = true,
        },
    },
    clientInfo = {
        name = "Neovim",
        version = "0.8.0",
    },
    initializationOptions = {
    },
    processId = 10884,
    rootPath = "C:\\Users\\user\\OneDrive\\Documents\\rojo-projects\\sweeper",
    rootUri = "file:///C:/Users/user/OneDrive/Documents/rojo-projects/sweeper",
    trace = "off",
    workspaceFolders = {
        [1] = {
            name = "C:/Users/user/OneDrive/Documents/rojo-projects/sweeper",
            uri = "file:///C:/Users/user/OneDrive/Documents/rojo-projects/sweeper",
        },
    },
}
[16:07:40.210][info] [#0:script\language.lua:135]: VSC language: nil
[16:07:40.210][info] [#0:script\language.lua:136]: LS  language: en-us
[16:07:40.210][info] [#0:script\workspace\workspace.lua:32]: Workspace inited: 	file:///C:/Users/user/OneDrive/Documents/rojo-projects/sweeper
[16:07:40.210][info] [#0:script\workspace\workspace.lua:39]: Log path: 	C:/Users/user/AppData/Local/nvim/custom-dependencies/robloxlsp/server/log/file_C_Users_user_OneDrive_Documents_rojo-projects_sweeper.log
[16:07:40.256][debug][#0:script\provider\provider.lua:270]: didOpen	file:///C:/Users/user/OneDrive/Documents/rojo-projects/sweeper/src/server/roundsystem.lua
[16:07:40.272][warn] [#0:script\provider\provider.lua:52]: No config?	{
}
[16:07:41.772][debug][#0:script\provider\semantic-tokens.lua:111]: Refresh semantic tokens.
[16:07:41.772][debug][#0:script\proto\proto.lua:131]: Method [initialized] takes [1.518]sec.
[16:07:41.772][debug][#0:script\proto\proto.lua:131]: Method [textDocument/didOpen] takes [1.513]sec.
[16:07:41.772][info] [#0:script\workspace\workspace.lua:302]: Preload start.
[16:07:41.772][info] [#0:script\workspace\workspace.lua:82]: Ignore directory:	1
[16:07:41.772][info] [#0:script\workspace\workspace.lua:82]: Ignore directory:	2
[16:07:41.772][warn] [#0:script\provider\provider.lua:52]: No config?	{
}
[16:07:41.772][debug][#0:script\proto\proto.lua:131]: Method [workspace/didChangeConfiguration] takes [1.515]sec.
[16:07:41.772][warn] [#0:script\provider\provider.lua:52]: No config?	{
}
[16:07:41.772][debug][#0:script\proto\proto.lua:131]: Method [workspace/didChangeConfiguration] takes [1.515]sec.
[16:07:41.772][info] [#0:script\workspace\workspace.lua:110]: Ignore by .gitignore:	/sweeper.rbxlx
[16:07:41.772][info] [#0:script\workspace\workspace.lua:110]: Ignore by .gitignore:	/*.rbxlx.lock
[16:07:41.772][info] [#0:script\workspace\workspace.lua:110]: Ignore by .gitignore:	/*.rbxl.lock
[16:07:41.772][info] [#0:script\workspace\workspace.lua:110]: Ignore by .gitignore:	/Packages
[16:07:41.772][info] [#0:script\workspace\workspace.lua:312]: Scan files at:	C:\Users\user\OneDrive\Documents\rojo-projects\sweeper
[16:07:41.772][info] [#0:script\workspace\workspace.lua:233]: Preload file at: file:///C%3A/Users/user/OneDrive/Documents/rojo-projects/sweeper/src/shared/Hello.lua , size = 0.045 KB
[16:07:41.772][info] [#0:script\workspace\workspace.lua:233]: Preload file at: file:///C%3A/Users/user/OneDrive/Documents/rojo-projects/sweeper/src/server/roundsystem.lua , size = 0.470 KB
[16:07:41.772][info] [#0:script\workspace\workspace.lua:233]: Preload file at: file:///C%3A/Users/user/OneDrive/Documents/rojo-projects/sweeper/src/server/init.server.lua , size = 0.031 KB
[16:07:41.772][info] [#0:script\workspace\workspace.lua:233]: Preload file at: file:///C%3A/Users/user/OneDrive/Documents/rojo-projects/sweeper/src/server/gamemodes/test.lua , size = 0.120 KB
[16:07:41.772][info] [#0:script\workspace\workspace.lua:233]: Preload file at: file:///C%3A/Users/user/OneDrive/Documents/rojo-projects/sweeper/src/client/windshake/windlines.lua , size = 4.157 KB
[16:07:41.772][info] [#0:script\workspace\workspace.lua:233]: Preload file at: file:///C%3A/Users/user/OneDrive/Documents/rojo-projects/sweeper/src/client/windshake/init.lua , size = 0.593 KB
[16:07:41.788][info] [#0:script\workspace\workspace.lua:233]: Preload file at: file:///C%3A/Users/user/OneDrive/Documents/rojo-projects/sweeper/src/client/ui/update_log/scrolling_background.lua , size = 1.362 KB
[16:07:41.788][info] [#0:script\workspace\workspace.lua:233]: Preload file at: file:///C%3A/Users/user/OneDrive/Documents/rojo-projects/sweeper/src/client/ui/update_log/update_log.story.lua , size = 0.708 KB
[16:07:41.788][info] [#0:script\workspace\workspace.lua:233]: Preload file at: file:///C%3A/Users/user/OneDrive/Documents/rojo-projects/sweeper/src/client/ui/update_log/init.lua , size = 0.546 KB
[16:07:41.788][info] [#0:script\workspace\workspace.lua:233]: Preload file at: file:///C%3A/Users/user/OneDrive/Documents/rojo-projects/sweeper/src/client/ui/update_log/background/updates.lua , size = 1.153 KB
[16:07:41.788][info] [#0:script\workspace\workspace.lua:233]: Preload file at: file:///C%3A/Users/user/OneDrive/Documents/rojo-projects/sweeper/src/client/ui/update_log/background/title.lua , size = 0.852 KB
[16:07:41.788][info] [#0:script\workspace\workspace.lua:233]: Preload file at: file:///C%3A/Users/user/OneDrive/Documents/rojo-projects/sweeper/src/client/ui/update_log/background/play_button.lua , size = 1.175 KB
[16:07:41.788][info] [#0:script\workspace\workspace.lua:233]: Preload file at: file:///C%3A/Users/user/OneDrive/Documents/rojo-projects/sweeper/src/client/ui/update_log/background/init.lua , size = 0.948 KB
[16:07:41.788][info] [#0:script\workspace\workspace.lua:233]: Preload file at: file:///C%3A/Users/user/OneDrive/Documents/rojo-projects/sweeper/src/client/ui/timer/timer.lua , size = 0.930 KB
[16:07:41.788][info] [#0:script\workspace\workspace.lua:233]: Preload file at: file:///C%3A/Users/user/OneDrive/Documents/rojo-projects/sweeper/src/client/ui/timer/status.lua , size = 0.683 KB
[16:07:41.788][info] [#0:script\workspace\workspace.lua:233]: Preload file at: file:///C%3A/Users/user/OneDrive/Documents/rojo-projects/sweeper/src/client/ui/timer/init.lua , size = 0.548 KB
[16:07:41.788][info] [#0:script\workspace\workspace.lua:233]: Preload file at: file:///C%3A/Users/user/OneDrive/Documents/rojo-projects/sweeper/src/client/ui/timer/background.lua , size = 0.525 KB
[16:07:41.788][info] [#0:script\workspace\workspace.lua:233]: Preload file at: file:///C%3A/Users/user/OneDrive/Documents/rojo-projects/sweeper/src/client/ui/init.lua , size = 0.051 KB
[16:07:41.788][info] [#0:script\workspace\workspace.lua:233]: Preload file at: file:///C%3A/Users/user/OneDrive/Documents/rojo-projects/sweeper/src/client/init.client.lua , size = 0.051 KB
[16:07:41.835][info] [#0:script\workspace\workspace.lua:315]: Found 19 files.
[16:07:41.835][info] [#0:script\workspace\workspace.lua:317]: Loaded 19/19 files
[16:07:41.835][info] [#0:script\workspace\workspace.lua:326]: Preload finish.
[16:07:43.460][debug][#0:script\provider\diagnostic.lua:228]: publishDiagnostics	file:///C:/Users/user/OneDrive/Documents/rojo-projects/sweeper/src/server/roundsystem.lua	2
[16:07:43.475][debug][#0:script\provider\diagnostic.lua:386]: 全文诊断耗时：	1.208
[16:08:40.819][debug][#0:script\service\service.lua:136]: 
========= Medical Examination Report =========
    --------------- Memory ---------------
        Total: 48.151 MB
        # 00 : 41.169 MB
        # 01 : 1.800 MB
        # 02 : 1.695 MB
        # 03 : 1.687 MB
        # 04 : 1.800 MB
    --------------- Coroutine ---------------
        Total:     33
        Running:   0
        Suspended: 0
        Normal:    0
        Dead:      33
    --------------- Cache ---------------
        Total: 4
        Dead:  3
    --------------- Proto ---------------
        Holdon:   0
        Waiting:  0
==============================================
[16:09:40.335][debug][#0:script\service\service.lua:136]: 
========= Medical Examination Report =========
    --------------- Memory ---------------
        Total: 48.542 MB
        # 00 : 41.560 MB
        # 01 : 1.800 MB
        # 02 : 1.695 MB
        # 03 : 1.687 MB
        # 04 : 1.800 MB
    --------------- Coroutine ---------------
        Total:     33
        Running:   0
        Suspended: 0
        Normal:    0
        Dead:      33
    --------------- Cache ---------------
        Total: 4
        Dead:  3
    --------------- Proto ---------------
        Holdon:   0
        Waiting:  0
==============================================
[16:10:40.897][debug][#0:script\service\service.lua:136]: 
========= Medical Examination Report =========
    --------------- Memory ---------------
        Total: 48.932 MB
        # 00 : 41.949 MB
        # 01 : 1.800 MB
        # 02 : 1.695 MB
        # 03 : 1.687 MB
        # 04 : 1.800 MB
    --------------- Coroutine ---------------
        Total:     33
        Running:   0
        Suspended: 0
        Normal:    0
        Dead:      33
    --------------- Cache ---------------
        Total: 4
        Dead:  3
    --------------- Proto ---------------
        Holdon:   0
        Waiting:  0
==============================================
[16:11:40.460][debug][#0:script\service\service.lua:136]: 
========= Medical Examination Report =========
    --------------- Memory ---------------
        Total: 49.321 MB
        # 00 : 42.338 MB
        # 01 : 1.800 MB
        # 02 : 1.695 MB
        # 03 : 1.687 MB
        # 04 : 1.800 MB
    --------------- Coroutine ---------------
        Total:     33
        Running:   0
        Suspended: 0
        Normal:    0
        Dead:      33
    --------------- Cache ---------------
        Total: 4
        Dead:  3
    --------------- Proto ---------------
        Holdon:   0
        Waiting:  0
==============================================
[16:12:40.975][debug][#0:script\service\service.lua:136]: 
========= Medical Examination Report =========
    --------------- Memory ---------------
        Total: 49.711 MB
        # 00 : 42.729 MB
        # 01 : 1.800 MB
        # 02 : 1.695 MB
        # 03 : 1.687 MB
        # 04 : 1.800 MB
    --------------- Coroutine ---------------
        Total:     33
        Running:   0
        Suspended: 0
        Normal:    0
        Dead:      33
    --------------- Cache ---------------
        Total: 4
        Dead:  3
    --------------- Proto ---------------
        Holdon:   0
        Waiting:  0
==============================================
